Performing C SOURCE FILE Test CMAKE_HAVE_LIBC_PTHREAD failed with the following output:
Change Dir: D:/Game Dev/3rd Party Assets/glfw-build/CMakeFiles/CMakeScratch/TryCompile-dzuuiz

Run Build Command(s):C:/Program Files/Microsoft Visual Studio/2022/Community/MSBuild/Current/Bin/amd64/MSBuild.exe cmTC_00d18.vcxproj /p:Configuration=Debug /p:Platform=x64 /p:VisualStudioVersion=17.0 /v:m && MSBuild version 17.3.1+2badb37d1 for .NET Framework
  Microsoft (R) C/C++ Optimizing Compiler Version 19.33.31629 for x64
  src.c
  Copyright (C) Microsoft Corporation.  All rights reserved.
  cl /c /Zi /W1 /WX- /diagnostics:column /Od /Ob0 /D _MBCS /D WIN32 /D _WINDOWS /D CMAKE_HAVE_LIBC_PTHREAD /D "CMAKE_INTDIR=\"Debug\"" /Gm- /RTC1 /MDd /GS /fp:precise /Zc:wchar_t /Zc:forScope /Zc:inline /Fo"cmTC_00d18.dir\Debug\\" /Fd"cmTC_00d18.dir\Debug\vc143.pdb" /external:W1 /Gd /TC /errorReport:queue "D:\Game Dev\3rd Party Assets\glfw-build\CMakeFiles\CMakeScratch\TryCompile-dzuuiz\src.c"
D:\Game Dev\3rd Party Assets\glfw-build\CMakeFiles\CMakeScratch\TryCompile-dzuuiz\src.c(1,10): fatal  error C1083: Cannot open include file: 'pthread.h': No such file or directory [D:\Game Dev\3rd Party Assets\glfw-build\CMakeFiles\CMakeScratch\TryCompile-dzuuiz\cmTC_00d18.vcxproj]


Source file was:
#include <pthread.h>

static void* test_func(void* data)
{
  return data;
}

int main(void)
{
  pthread_t thread;
  pthread_create(&thread, NULL, test_func, NULL);
  pthread_detach(thread);
  pthread_cancel(thread);
  pthread_join(thread, NULL);
  pthread_atfork(NULL, NULL, NULL);
  pthread_exit(NULL);

  return 0;
}


Determining if the function pthread_create exists in the pthreads failed with the following output:
Change Dir: D:/Game Dev/3rd Party Assets/glfw-build/CMakeFiles/CMakeScratch/TryCompile-nh6osw

Run Build Command(s):C:/Program Files/Microsoft Visual Studio/2022/Community/MSBuild/Current/Bin/amd64/MSBuild.exe cmTC_b1315.vcxproj /p:Configuration=Debug /p:Platform=x64 /p:VisualStudioVersion=17.0 /v:m && MSBuild version 17.3.1+2badb37d1 for .NET Framework
  Microsoft (R) C/C++ Optimizing Compiler Version 19.33.31629 for x64
  CheckFunctionExists.c
  Copyright (C) Microsoft Corporation.  All rights reserved.
  cl /c /Zi /W1 /WX- /diagnostics:column /Od /Ob0 /D _MBCS /D WIN32 /D _WINDOWS /D CHECK_FUNCTION_EXISTS=pthread_create /D "CMAKE_INTDIR=\"Debug\"" /Gm- /RTC1 /MDd /GS /fp:precise /Zc:wchar_t /Zc:forScope /Zc:inline /Fo"cmTC_b1315.dir\Debug\\" /Fd"cmTC_b1315.dir\Debug\vc143.pdb" /external:W1 /Gd /TC /errorReport:queue "D:\Game Dev\3rd Party Assets\glfw-build\CMakeFiles\CMakeScratch\TryCompile-nh6osw\CheckFunctionExists.c"
LINK : fatal error LNK1104: cannot open file 'pthreads.lib' [D:\Game Dev\3rd Party Assets\glfw-build\CMakeFiles\CMakeScratch\TryCompile-nh6osw\cmTC_b1315.vcxproj]



Determining if the function pthread_create exists in the pthread failed with the following output:
Change Dir: D:/Game Dev/3rd Party Assets/glfw-build/CMakeFiles/CMakeScratch/TryCompile-1ccs0c

Run Build Command(s):C:/Program Files/Microsoft Visual Studio/2022/Community/MSBuild/Current/Bin/amd64/MSBuild.exe cmTC_a15c5.vcxproj /p:Configuration=Debug /p:Platform=x64 /p:VisualStudioVersion=17.0 /v:m && MSBuild version 17.3.1+2badb37d1 for .NET Framework
  Microsoft (R) C/C++ Optimizing Compiler Version 19.33.31629 for x64
  Copyright (C) Microsoft Corporation.  All rights reserved.
  CheckFunctionExists.c
  cl /c /Zi /W1 /WX- /diagnostics:column /Od /Ob0 /D _MBCS /D WIN32 /D _WINDOWS /D CHECK_FUNCTION_EXISTS=pthread_create /D "CMAKE_INTDIR=\"Debug\"" /Gm- /RTC1 /MDd /GS /fp:precise /Zc:wchar_t /Zc:forScope /Zc:inline /Fo"cmTC_a15c5.dir\Debug\\" /Fd"cmTC_a15c5.dir\Debug\vc143.pdb" /external:W1 /Gd /TC /errorReport:queue "D:\Game Dev\3rd Party Assets\glfw-build\CMakeFiles\CMakeScratch\TryCompile-1ccs0c\CheckFunctionExists.c"
LINK : fatal error LNK1104: cannot open file 'pthread.lib' [D:\Game Dev\3rd Party Assets\glfw-build\CMakeFiles\CMakeScratch\TryCompile-1ccs0c\cmTC_a15c5.vcxproj]



